<?xml version="1.0" encoding="UTF-8"?>
<!-- Generated by org.testng.reporters.JUnitReportReporter -->
<testsuite skipped="0" hostname="SHWETA" name="com.testing.Testing2" tests="2" failures="0" timestamp="24 Jan 2020 15:11:56 GMT" time="0.006" errors="0">
  <testcase name="test4" time="0.004" classname="com.testing.Testing2"/>
  <testcase name="test5" time="0.002" classname="com.testing.Testing2"/>
</testsuite> <!-- com.testing.Testing2 -->
