<?xml version="1.0" encoding="UTF-8"?>
<!-- Generated by org.testng.reporters.JUnitReportReporter -->
<testsuite skipped="1" hostname="SHWETA" name="com.testing.Testing1" tests="3" failures="0" timestamp="24 Jan 2020 15:11:56 GMT" time="0.014" errors="0">
  <testcase name="test3" time="0.003" classname="com.testing.Testing1"/>
  <testcase name="test2" time="0.004" classname="com.testing.Testing1"/>
  <testcase name="test1" time="0.007" classname="com.testing.Testing1">
    <skipped/>
  </testcase> <!-- test1 -->
</testsuite> <!-- com.testing.Testing1 -->
